# JRE version: Java(TM) SE Runtime Environment (8.0_162-b12) (build 1.8.0_162-b12)
# Java VM: Java HotSpot(TM) 64-Bit Server VM (25.162-b12 mixed mode windows-amd64 compressed oops)
Heap:
 PSYoungGen      total 99328K, used 19092K [0x00000000f5580000, 0x00000000fc680000, 0x0000000100000000)
  eden space 88064K, 21% used [0x00000000f5580000,0x00000000f68251d8,0x00000000fab80000)
  from space 11264K, 0% used [0x00000000fab80000,0x00000000fab80000,0x00000000fb680000)
  to   space 10752K, 0% used [0x00000000fb680000,0x00000000fb680000,0x00000000fc100000)
 ParOldGen       total 59392K, used 19052K [0x00000000e0000000, 0x00000000e3a00000, 0x00000000f5580000)
  object space 59392K, 32% used [0x00000000e0000000,0x00000000e129b1e0,0x00000000e3a00000)
 Metaspace       used 34807K, capacity 35432K, committed 35712K, reserved 1079296K
  class space    used 4741K, capacity 4935K, committed 4992K, reserved 1048576K
GC Heap History (10 events):
Event: 7.347 GC heap before
{Heap before GC invocations=7 (full 1):
 PSYoungGen      total 38400K, used 33280K [0x00000000f5580000, 0x00000000fab80000, 0x0000000100000000)
  eden space 33280K, 100% used [0x00000000f5580000,0x00000000f7600000,0x00000000f7600000)
  from space 5120K, 0% used [0x00000000f7600000,0x00000000f7600000,0x00000000f7b00000)
  to   space 10752K, 0% used [0x00000000fa100000,0x00000000fa100000,0x00000000fab80000)
 ParOldGen       total 59392K, used 10345K [0x00000000e0000000, 0x00000000e3a00000, 0x00000000f5580000)
  object space 59392K, 17% used [0x00000000e0000000,0x00000000e0a1a458,0x00000000e3a00000)
 Metaspace       used 23543K, capacity 23832K, committed 24192K, reserved 1071104K
  class space    used 3287K, capacity 3393K, committed 3456K, reserved 1048576K
Event: 7.356 GC heap after
Heap after GC invocations=7 (full 1):
 PSYoungGen      total 58880K, used 3548K [0x00000000f5580000, 0x00000000fa480000, 0x0000000100000000)
  eden space 55296K, 0% used [0x00000000f5580000,0x00000000f5580000,0x00000000f8b80000)
  from space 3584K, 99% used [0x00000000fa100000,0x00000000fa477398,0x00000000fa480000)
  to   space 11264K, 0% used [0x00000000f8e80000,0x00000000f8e80000,0x00000000f9980000)
 ParOldGen       total 59392K, used 10345K [0x00000000e0000000, 0x00000000e3a00000, 0x00000000f5580000)
  object space 59392K, 17% used [0x00000000e0000000,0x00000000e0a1a458,0x00000000e3a00000)
 Metaspace       used 23543K, capacity 23832K, committed 24192K, reserved 1071104K
  class space    used 3287K, capacity 3393K, committed 3456K, reserved 1048576K
}
Event: 9.006 GC heap before
{Heap before GC invocations=8 (full 1):
 PSYoungGen      total 58880K, used 58844K [0x00000000f5580000, 0x00000000fa480000, 0x0000000100000000)
  eden space 55296K, 100% used [0x00000000f5580000,0x00000000f8b80000,0x00000000f8b80000)
  from space 3584K, 99% used [0x00000000fa100000,0x00000000fa477398,0x00000000fa480000)
  to   space 11264K, 0% used [0x00000000f8e80000,0x00000000f8e80000,0x00000000f9980000)
 ParOldGen       total 59392K, used 10345K [0x00000000e0000000, 0x00000000e3a00000, 0x00000000f5580000)
  object space 59392K, 17% used [0x00000000e0000000,0x00000000e0a1a458,0x00000000e3a00000)
 Metaspace       used 27336K, capacity 27764K, committed 28032K, reserved 1073152K
  class space    used 3764K, capacity 3895K, committed 3968K, reserved 1048576K
Event: 9.014 GC heap after
Heap after GC invocations=8 (full 1):
 PSYoungGen      total 69632K, used 5182K [0x00000000f5580000, 0x00000000fc100000, 0x0000000100000000)
  eden space 58368K, 0% used [0x00000000f5580000,0x00000000f5580000,0x00000000f8e80000)
  from space 11264K, 46% used [0x00000000f8e80000,0x00000000f938fbe0,0x00000000f9980000)
  to   space 10752K, 0% used [0x00000000fb680000,0x00000000fb680000,0x00000000fc100000)
 ParOldGen       total 59392K, used 10353K [0x00000000e0000000, 0x00000000e3a00000, 0x00000000f5580000)
  object space 59392K, 17% used [0x00000000e0000000,0x00000000e0a1c458,0x00000000e3a00000)
 Metaspace       used 27336K, capacity 27764K, committed 28032K, reserved 1073152K
  class space    used 3764K, capacity 3895K, committed 3968K, reserved 1048576K
}
Event: 11.104 GC heap before
{Heap before GC invocations=9 (full 1):
 PSYoungGen      total 69632K, used 63550K [0x00000000f5580000, 0x00000000fc100000, 0x0000000100000000)
  eden space 58368K, 100% used [0x00000000f5580000,0x00000000f8e80000,0x00000000f8e80000)
  from space 11264K, 46% used [0x00000000f8e80000,0x00000000f938fbe0,0x00000000f9980000)
  to   space 10752K, 0% used [0x00000000fb680000,0x00000000fb680000,0x00000000fc100000)
 ParOldGen       total 59392K, used 10353K [0x00000000e0000000, 0x00000000e3a00000, 0x00000000f5580000)
  object space 59392K, 17% used [0x00000000e0000000,0x00000000e0a1c458,0x00000000e3a00000)
 Metaspace       used 31593K, capacity 32110K, committed 32512K, reserved 1077248K
  class space    used 4315K, capacity 4516K, committed 4608K, reserved 1048576K
Event: 11.147 GC heap after
Heap after GC invocations=9 (full 1):
 PSYoungGen      total 98816K, used 8741K [0x00000000f5580000, 0x00000000fc680000, 0x0000000100000000)
  eden space 88064K, 0% used [0x00000000f5580000,0x00000000f5580000,0x00000000fab80000)
  from space 10752K, 81% used [0x00000000fb680000,0x00000000fbf095e0,0x00000000fc100000)
  to   space 11264K, 0% used [0x00000000fab80000,0x00000000fab80000,0x00000000fb680000)
 ParOldGen       total 59392K, used 10361K [0x00000000e0000000, 0x00000000e3a00000, 0x00000000f5580000)
  object space 59392K, 17% used [0x00000000e0000000,0x00000000e0a1e458,0x00000000e3a00000)
 Metaspace       used 31593K, capacity 32110K, committed 32512K, reserved 1077248K
  class space    used 4315K, capacity 4516K, committed 4608K, reserved 1048576K
}
Event: 12.517 GC heap before
{Heap before GC invocations=10 (full 1):
 PSYoungGen      total 98816K, used 59572K [0x00000000f5580000, 0x00000000fc680000, 0x0000000100000000)
  eden space 88064K, 57% used [0x00000000f5580000,0x00000000f8723d68,0x00000000fab80000)
  from space 10752K, 81% used [0x00000000fb680000,0x00000000fbf095e0,0x00000000fc100000)
  to   space 11264K, 0% used [0x00000000fab80000,0x00000000fab80000,0x00000000fb680000)
 ParOldGen       total 59392K, used 10361K [0x00000000e0000000, 0x00000000e3a00000, 0x00000000f5580000)
  object space 59392K, 17% used [0x00000000e0000000,0x00000000e0a1e458,0x00000000e3a00000)
 Metaspace       used 34668K, capacity 35130K, committed 35496K, reserved 1079296K
  class space    used 4712K, capacity 4833K, committed 4864K, reserved 1048576K
Event: 12.539 GC heap after
Heap after GC invocations=10 (full 1):
 PSYoungGen      total 99328K, used 10478K [0x00000000f5580000, 0x00000000fc680000, 0x0000000100000000)
  eden space 88064K, 0% used [0x00000000f5580000,0x00000000f5580000,0x00000000fab80000)
  from space 11264K, 93% used [0x00000000fab80000,0x00000000fb5bbbd0,0x00000000fb680000)
  to   space 10752K, 0% used [0x00000000fb680000,0x00000000fb680000,0x00000000fc100000)
 ParOldGen       total 59392K, used 11594K [0x00000000e0000000, 0x00000000e3a00000, 0x00000000f5580000)
  object space 59392K, 19% used [0x00000000e0000000,0x00000000e0b52888,0x00000000e3a00000)
 Metaspace       used 34668K, capacity 35130K, committed 35496K, reserved 1079296K
  class space    used 4712K, capacity 4833K, committed 4864K, reserved 1048576K
}
Event: 12.539 GC heap before
{Heap before GC invocations=11 (full 2):
 PSYoungGen      total 99328K, used 10478K [0x00000000f5580000, 0x00000000fc680000, 0x0000000100000000)
  eden space 88064K, 0% used [0x00000000f5580000,0x00000000f5580000,0x00000000fab80000)
  from space 11264K, 93% used [0x00000000fab80000,0x00000000fb5bbbd0,0x00000000fb680000)
  to   space 10752K, 0% used [0x00000000fb680000,0x00000000fb680000,0x00000000fc100000)
 ParOldGen       total 59392K, used 11594K [0x00000000e0000000, 0x00000000e3a00000, 0x00000000f5580000)
  object space 59392K, 19% used [0x00000000e0000000,0x00000000e0b52888,0x00000000e3a00000)
 Metaspace       used 34668K, capacity 35130K, committed 35496K, reserved 1079296K
  class space    used 4712K, capacity 4833K, committed 4864K, reserved 1048576K
Event: 12.716 GC heap after
Heap after GC invocations=11 (full 2):
 PSYoungGen      total 99328K, used 0K [0x00000000f5580000, 0x00000000fc680000, 0x0000000100000000)
  eden space 88064K, 0% used [0x00000000f5580000,0x00000000f5580000,0x00000000fab80000)
  from space 11264K, 0% used [0x00000000fab80000,0x00000000fab80000,0x00000000fb680000)
  to   space 10752K, 0% used [0x00000000fb680000,0x00000000fb680000,0x00000000fc100000)
 ParOldGen       total 59392K, used 19052K [0x00000000e0000000, 0x00000000e3a00000, 0x00000000f5580000)
  object space 59392K, 32% used [0x00000000e0000000,0x00000000e129b1e0,0x00000000e3a00000)
 Metaspace       used 34668K, capacity 35130K, committed 35496K, reserved 1079296K
  class space    used 4712K, capacity 4833K, committed 4864K, reserved 1048576K
}

