# JRE version: Java(TM) SE Runtime Environment (8.0_162-b12) (build 1.8.0_162-b12)
# Java VM: Java HotSpot(TM) 64-Bit Server VM (25.162-b12 mixed mode windows-amd64 compressed oops)
Heap:
 PSYoungGen      total 108032K, used 48705K [0x00000000f5580000, 0x00000000fca00000, 0x0000000100000000)
  eden space 96768K, 38% used [0x00000000f5580000,0x00000000f7a175f8,0x00000000fb400000)
  from space 11264K, 99% used [0x00000000fb400000,0x00000000fbef8fd8,0x00000000fbf00000)
  to   space 9728K, 0% used [0x00000000fc080000,0x00000000fc080000,0x00000000fca00000)
 ParOldGen       total 56320K, used 21547K [0x00000000e0000000, 0x00000000e3700000, 0x00000000f5580000)
  object space 56320K, 38% used [0x00000000e0000000,0x00000000e150ae30,0x00000000e3700000)
 Metaspace       used 48591K, capacity 49648K, committed 49792K, reserved 1091584K
  class space    used 6635K, capacity 6925K, committed 7040K, reserved 1048576K
GC Heap History (10 events):
Event: 14.326 GC heap before
{Heap before GC invocations=9 (full 1):
 PSYoungGen      total 69632K, used 64129K [0x00000000f5580000, 0x00000000fcb00000, 0x0000000100000000)
  eden space 58368K, 100% used [0x00000000f5580000,0x00000000f8e80000,0x00000000f8e80000)
  from space 11264K, 51% used [0x00000000f8e80000,0x00000000f9420690,0x00000000f9980000)
  to   space 10752K, 0% used [0x00000000fc080000,0x00000000fc080000,0x00000000fcb00000)
 ParOldGen       total 56320K, used 10374K [0x00000000e0000000, 0x00000000e3700000, 0x00000000f5580000)
  object space 56320K, 18% used [0x00000000e0000000,0x00000000e0a219b8,0x00000000e3700000)
 Metaspace       used 31616K, capacity 32174K, committed 32512K, reserved 1077248K
  class space    used 4322K, capacity 4516K, committed 4608K, reserved 1048576K
Event: 14.345 GC heap after
Heap after GC invocations=9 (full 1):
 PSYoungGen      total 106496K, used 8798K [0x00000000f5580000, 0x00000000fca00000, 0x0000000100000000)
  eden space 96768K, 0% used [0x00000000f5580000,0x00000000f5580000,0x00000000fb400000)
  from space 9728K, 90% used [0x00000000fc080000,0x00000000fc917ba8,0x00000000fca00000)
  to   space 11264K, 0% used [0x00000000fb400000,0x00000000fb400000,0x00000000fbf00000)
 ParOldGen       total 56320K, used 10382K [0x00000000e0000000, 0x00000000e3700000, 0x00000000f5580000)
  object space 56320K, 18% used [0x00000000e0000000,0x00000000e0a239b8,0x00000000e3700000)
 Metaspace       used 31616K, capacity 32174K, committed 32512K, reserved 1077248K
  class space    used 4322K, capacity 4516K, committed 4608K, reserved 1048576K
}
Event: 15.770 GC heap before
{Heap before GC invocations=10 (full 1):
 PSYoungGen      total 106496K, used 57371K [0x00000000f5580000, 0x00000000fca00000, 0x0000000100000000)
  eden space 96768K, 50% used [0x00000000f5580000,0x00000000f84ef088,0x00000000fb400000)
  from space 9728K, 90% used [0x00000000fc080000,0x00000000fc917ba8,0x00000000fca00000)
  to   space 11264K, 0% used [0x00000000fb400000,0x00000000fb400000,0x00000000fbf00000)
 ParOldGen       total 56320K, used 10382K [0x00000000e0000000, 0x00000000e3700000, 0x00000000f5580000)
  object space 56320K, 18% used [0x00000000e0000000,0x00000000e0a239b8,0x00000000e3700000)
 Metaspace       used 34647K, capacity 35130K, committed 35496K, reserved 1079296K
  class space    used 4713K, capacity 4833K, committed 4864K, reserved 1048576K
Event: 15.794 GC heap after
Heap after GC invocations=10 (full 1):
 PSYoungGen      total 108032K, used 10434K [0x00000000f5580000, 0x00000000fca00000, 0x0000000100000000)
  eden space 96768K, 0% used [0x00000000f5580000,0x00000000f5580000,0x00000000fb400000)
  from space 11264K, 92% used [0x00000000fb400000,0x00000000fbe30a30,0x00000000fbf00000)
  to   space 9728K, 0% used [0x00000000fc080000,0x00000000fc080000,0x00000000fca00000)
 ParOldGen       total 56320K, used 11546K [0x00000000e0000000, 0x00000000e3700000, 0x00000000f5580000)
  object space 56320K, 20% used [0x00000000e0000000,0x00000000e0b469c8,0x00000000e3700000)
 Metaspace       used 34647K, capacity 35130K, committed 35496K, reserved 1079296K
  class space    used 4713K, capacity 4833K, committed 4864K, reserved 1048576K
}
Event: 15.794 GC heap before
{Heap before GC invocations=11 (full 2):
 PSYoungGen      total 108032K, used 10434K [0x00000000f5580000, 0x00000000fca00000, 0x0000000100000000)
  eden space 96768K, 0% used [0x00000000f5580000,0x00000000f5580000,0x00000000fb400000)
  from space 11264K, 92% used [0x00000000fb400000,0x00000000fbe30a30,0x00000000fbf00000)
  to   space 9728K, 0% used [0x00000000fc080000,0x00000000fc080000,0x00000000fca00000)
 ParOldGen       total 56320K, used 11546K [0x00000000e0000000, 0x00000000e3700000, 0x00000000f5580000)
  object space 56320K, 20% used [0x00000000e0000000,0x00000000e0b469c8,0x00000000e3700000)
 Metaspace       used 34647K, capacity 35130K, committed 35496K, reserved 1079296K
  class space    used 4713K, capacity 4833K, committed 4864K, reserved 1048576K
Event: 15.982 GC heap after
Heap after GC invocations=11 (full 2):
 PSYoungGen      total 108032K, used 0K [0x00000000f5580000, 0x00000000fca00000, 0x0000000100000000)
  eden space 96768K, 0% used [0x00000000f5580000,0x00000000f5580000,0x00000000fb400000)
  from space 11264K, 0% used [0x00000000fb400000,0x00000000fb400000,0x00000000fbf00000)
  to   space 9728K, 0% used [0x00000000fc080000,0x00000000fc080000,0x00000000fca00000)
 ParOldGen       total 56320K, used 19048K [0x00000000e0000000, 0x00000000e3700000, 0x00000000f5580000)
  object space 56320K, 33% used [0x00000000e0000000,0x00000000e129a258,0x00000000e3700000)
 Metaspace       used 34647K, capacity 35130K, committed 35496K, reserved 1079296K
  class space    used 4713K, capacity 4833K, committed 4864K, reserved 1048576K
}
Event: 18.625 GC heap before
{Heap before GC invocations=12 (full 2):
 PSYoungGen      total 108032K, used 96768K [0x00000000f5580000, 0x00000000fca00000, 0x0000000100000000)
  eden space 96768K, 100% used [0x00000000f5580000,0x00000000fb400000,0x00000000fb400000)
  from space 11264K, 0% used [0x00000000fb400000,0x00000000fb400000,0x00000000fbf00000)
  to   space 9728K, 0% used [0x00000000fc080000,0x00000000fc080000,0x00000000fca00000)
 ParOldGen       total 56320K, used 19048K [0x00000000e0000000, 0x00000000e3700000, 0x00000000f5580000)
  object space 56320K, 33% used [0x00000000e0000000,0x00000000e129a258,0x00000000e3700000)
 Metaspace       used 41027K, capacity 41716K, committed 42240K, reserved 1085440K
  class space    used 5562K, capacity 5803K, committed 5888K, reserved 1048576K
Event: 18.634 GC heap after
Heap after GC invocations=12 (full 2):
 PSYoungGen      total 106496K, used 7818K [0x00000000f5580000, 0x00000000fca00000, 0x0000000100000000)
  eden space 96768K, 0% used [0x00000000f5580000,0x00000000f5580000,0x00000000fb400000)
  from space 9728K, 80% used [0x00000000fc080000,0x00000000fc8228c8,0x00000000fca00000)
  to   space 11264K, 0% used [0x00000000fb400000,0x00000000fb400000,0x00000000fbf00000)
 ParOldGen       total 56320K, used 19056K [0x00000000e0000000, 0x00000000e3700000, 0x00000000f5580000)
  object space 56320K, 33% used [0x00000000e0000000,0x00000000e129c258,0x00000000e3700000)
 Metaspace       used 41027K, capacity 41716K, committed 42240K, reserved 1085440K
  class space    used 5562K, capacity 5803K, committed 5888K, reserved 1048576K
}
Event: 22.710 GC heap before
{Heap before GC invocations=13 (full 2):
 PSYoungGen      total 106496K, used 104586K [0x00000000f5580000, 0x00000000fca00000, 0x0000000100000000)
  eden space 96768K, 100% used [0x00000000f5580000,0x00000000fb400000,0x00000000fb400000)
  from space 9728K, 80% used [0x00000000fc080000,0x00000000fc8228c8,0x00000000fca00000)
  to   space 11264K, 0% used [0x00000000fb400000,0x00000000fb400000,0x00000000fbf00000)
 ParOldGen       total 56320K, used 19056K [0x00000000e0000000, 0x00000000e3700000, 0x00000000f5580000)
  object space 56320K, 33% used [0x00000000e0000000,0x00000000e129c258,0x00000000e3700000)
 Metaspace       used 47082K, capacity 47932K, committed 48128K, reserved 1091584K
  class space    used 6367K, capacity 6629K, committed 6656K, reserved 1048576K
Event: 22.738 GC heap after
Heap after GC invocations=13 (full 2):
 PSYoungGen      total 108032K, used 11235K [0x00000000f5580000, 0x00000000fca00000, 0x0000000100000000)
  eden space 96768K, 0% used [0x00000000f5580000,0x00000000f5580000,0x00000000fb400000)
  from space 11264K, 99% used [0x00000000fb400000,0x00000000fbef8fd8,0x00000000fbf00000)
  to   space 9728K, 0% used [0x00000000fc080000,0x00000000fc080000,0x00000000fca00000)
 ParOldGen       total 56320K, used 21547K [0x00000000e0000000, 0x00000000e3700000, 0x00000000f5580000)
  object space 56320K, 38% used [0x00000000e0000000,0x00000000e150ae30,0x00000000e3700000)
 Metaspace       used 47082K, capacity 47932K, committed 48128K, reserved 1091584K
  class space    used 6367K, capacity 6629K, committed 6656K, reserved 1048576K
}

