# JRE version: Java(TM) SE Runtime Environment (8.0_162-b12) (build 1.8.0_162-b12)
# Java VM: Java HotSpot(TM) 64-Bit Server VM (25.162-b12 mixed mode windows-amd64 compressed oops)
Heap:
 PSYoungGen      total 117248K, used 84081K [0x00000000d5c00000, 0x00000000ddd80000, 0x0000000100000000)
  eden space 108032K, 71% used [0x00000000d5c00000,0x00000000da71f5d8,0x00000000dc580000)
  from space 9216K, 77% used [0x00000000dd480000,0x00000000ddb7cff0,0x00000000ddd80000)
  to   space 12288K, 0% used [0x00000000dc580000,0x00000000dc580000,0x00000000dd180000)
 ParOldGen       total 59904K, used 19069K [0x0000000081400000, 0x0000000084e80000, 0x00000000d5c00000)
  object space 59904K, 31% used [0x0000000081400000,0x000000008269f478,0x0000000084e80000)
 Metaspace       used 43769K, capacity 44644K, committed 44928K, reserved 1087488K
  class space    used 5946K, capacity 6203K, committed 6272K, reserved 1048576K
GC Heap History (10 events):
Event: 8.300 GC heap before
{Heap before GC invocations=8 (full 1):
 PSYoungGen      total 57856K, used 57716K [0x00000000d5c00000, 0x00000000dab00000, 0x0000000100000000)
  eden space 54272K, 100% used [0x00000000d5c00000,0x00000000d9100000,0x00000000d9100000)
  from space 3584K, 96% used [0x00000000da780000,0x00000000daadd078,0x00000000dab00000)
  to   space 11264K, 0% used [0x00000000d9500000,0x00000000d9500000,0x00000000da000000)
 ParOldGen       total 59904K, used 10360K [0x0000000081400000, 0x0000000084e80000, 0x00000000d5c00000)
  object space 59904K, 17% used [0x0000000081400000,0x0000000081e1e2e0,0x0000000084e80000)
 Metaspace       used 27318K, capacity 27764K, committed 28032K, reserved 1073152K
  class space    used 3765K, capacity 3895K, committed 3968K, reserved 1048576K
Event: 8.308 GC heap after
Heap after GC invocations=8 (full 1):
 PSYoungGen      total 69632K, used 5176K [0x00000000d5c00000, 0x00000000dc480000, 0x0000000100000000)
  eden space 58368K, 0% used [0x00000000d5c00000,0x00000000d5c00000,0x00000000d9500000)
  from space 11264K, 45% used [0x00000000d9500000,0x00000000d9a0e3f8,0x00000000da000000)
  to   space 10752K, 0% used [0x00000000dba00000,0x00000000dba00000,0x00000000dc480000)
 ParOldGen       total 59904K, used 10432K [0x0000000081400000, 0x0000000084e80000, 0x00000000d5c00000)
  object space 59904K, 17% used [0x0000000081400000,0x0000000081e302f0,0x0000000084e80000)
 Metaspace       used 27318K, capacity 27764K, committed 28032K, reserved 1073152K
  class space    used 3765K, capacity 3895K, committed 3968K, reserved 1048576K
}
Event: 9.861 GC heap before
{Heap before GC invocations=9 (full 1):
 PSYoungGen      total 69632K, used 63544K [0x00000000d5c00000, 0x00000000dc480000, 0x0000000100000000)
  eden space 58368K, 100% used [0x00000000d5c00000,0x00000000d9500000,0x00000000d9500000)
  from space 11264K, 45% used [0x00000000d9500000,0x00000000d9a0e3f8,0x00000000da000000)
  to   space 10752K, 0% used [0x00000000dba00000,0x00000000dba00000,0x00000000dc480000)
 ParOldGen       total 59904K, used 10432K [0x0000000081400000, 0x0000000084e80000, 0x00000000d5c00000)
  object space 59904K, 17% used [0x0000000081400000,0x0000000081e302f0,0x0000000084e80000)
 Metaspace       used 31567K, capacity 32110K, committed 32512K, reserved 1077248K
  class space    used 4314K, capacity 4516K, committed 4608K, reserved 1048576K
Event: 9.874 GC heap after
Heap after GC invocations=9 (full 1):
 PSYoungGen      total 95744K, used 8606K [0x00000000d5c00000, 0x00000000dc900000, 0x0000000100000000)
  eden space 84992K, 0% used [0x00000000d5c00000,0x00000000d5c00000,0x00000000daf00000)
  from space 10752K, 80% used [0x00000000dba00000,0x00000000dc2678e8,0x00000000dc480000)
  to   space 11264K, 0% used [0x00000000daf00000,0x00000000daf00000,0x00000000dba00000)
 ParOldGen       total 59904K, used 10440K [0x0000000081400000, 0x0000000084e80000, 0x00000000d5c00000)
  object space 59904K, 17% used [0x0000000081400000,0x0000000081e322f0,0x0000000084e80000)
 Metaspace       used 31567K, capacity 32110K, committed 32512K, reserved 1077248K
  class space    used 4314K, capacity 4516K, committed 4608K, reserved 1048576K
}
Event: 11.037 GC heap before
{Heap before GC invocations=10 (full 1):
 PSYoungGen      total 95744K, used 61200K [0x00000000d5c00000, 0x00000000dc900000, 0x0000000100000000)
  eden space 84992K, 61% used [0x00000000d5c00000,0x00000000d8f5c970,0x00000000daf00000)
  from space 10752K, 80% used [0x00000000dba00000,0x00000000dc2678e8,0x00000000dc480000)
  to   space 11264K, 0% used [0x00000000daf00000,0x00000000daf00000,0x00000000dba00000)
 ParOldGen       total 59904K, used 10440K [0x0000000081400000, 0x0000000084e80000, 0x00000000d5c00000)
  object space 59904K, 17% used [0x0000000081400000,0x0000000081e322f0,0x0000000084e80000)
 Metaspace       used 34649K, capacity 35130K, committed 35496K, reserved 1079296K
  class space    used 4712K, capacity 4833K, committed 4864K, reserved 1048576K
Event: 11.057 GC heap after
Heap after GC invocations=10 (full 1):
 PSYoungGen      total 96256K, used 11233K [0x00000000d5c00000, 0x00000000de100000, 0x0000000100000000)
  eden space 84992K, 0% used [0x00000000d5c00000,0x00000000d5c00000,0x00000000daf00000)
  from space 11264K, 99% used [0x00000000daf00000,0x00000000db9f8738,0x00000000dba00000)
  to   space 12800K, 0% used [0x00000000dd480000,0x00000000dd480000,0x00000000de100000)
 ParOldGen       total 59904K, used 10760K [0x0000000081400000, 0x0000000084e80000, 0x00000000d5c00000)
  object space 59904K, 17% used [0x0000000081400000,0x0000000081e82000,0x0000000084e80000)
 Metaspace       used 34649K, capacity 35130K, committed 35496K, reserved 1079296K
  class space    used 4712K, capacity 4833K, committed 4864K, reserved 1048576K
}
Event: 11.057 GC heap before
{Heap before GC invocations=11 (full 2):
 PSYoungGen      total 96256K, used 11233K [0x00000000d5c00000, 0x00000000de100000, 0x0000000100000000)
  eden space 84992K, 0% used [0x00000000d5c00000,0x00000000d5c00000,0x00000000daf00000)
  from space 11264K, 99% used [0x00000000daf00000,0x00000000db9f8738,0x00000000dba00000)
  to   space 12800K, 0% used [0x00000000dd480000,0x00000000dd480000,0x00000000de100000)
 ParOldGen       total 59904K, used 10760K [0x0000000081400000, 0x0000000084e80000, 0x00000000d5c00000)
  object space 59904K, 17% used [0x0000000081400000,0x0000000081e82000,0x0000000084e80000)
 Metaspace       used 34649K, capacity 35130K, committed 35496K, reserved 1079296K
  class space    used 4712K, capacity 4833K, committed 4864K, reserved 1048576K
Event: 11.189 GC heap after
Heap after GC invocations=11 (full 2):
 PSYoungGen      total 96256K, used 0K [0x00000000d5c00000, 0x00000000de100000, 0x0000000100000000)
  eden space 84992K, 0% used [0x00000000d5c00000,0x00000000d5c00000,0x00000000daf00000)
  from space 11264K, 0% used [0x00000000daf00000,0x00000000daf00000,0x00000000dba00000)
  to   space 12800K, 0% used [0x00000000dd480000,0x00000000dd480000,0x00000000de100000)
 ParOldGen       total 59904K, used 19061K [0x0000000081400000, 0x0000000084e80000, 0x00000000d5c00000)
  object space 59904K, 31% used [0x0000000081400000,0x000000008269d478,0x0000000084e80000)
 Metaspace       used 34649K, capacity 35130K, committed 35496K, reserved 1079296K
  class space    used 4712K, capacity 4833K, committed 4864K, reserved 1048576K
}
Event: 13.243 GC heap before
{Heap before GC invocations=12 (full 2):
 PSYoungGen      total 96256K, used 84992K [0x00000000d5c00000, 0x00000000de100000, 0x0000000100000000)
  eden space 84992K, 100% used [0x00000000d5c00000,0x00000000daf00000,0x00000000daf00000)
  from space 11264K, 0% used [0x00000000daf00000,0x00000000daf00000,0x00000000dba00000)
  to   space 12800K, 0% used [0x00000000dd480000,0x00000000dd480000,0x00000000de100000)
 ParOldGen       total 59904K, used 19061K [0x0000000081400000, 0x0000000084e80000, 0x00000000d5c00000)
  object space 59904K, 31% used [0x0000000081400000,0x000000008269d478,0x0000000084e80000)
 Metaspace       used 40932K, capacity 41646K, committed 41984K, reserved 1085440K
  class space    used 5562K, capacity 5802K, committed 5888K, reserved 1048576K
Event: 13.255 GC heap after
Heap after GC invocations=12 (full 2):
 PSYoungGen      total 117248K, used 7155K [0x00000000d5c00000, 0x00000000ddd80000, 0x0000000100000000)
  eden space 108032K, 0% used [0x00000000d5c00000,0x00000000d5c00000,0x00000000dc580000)
  from space 9216K, 77% used [0x00000000dd480000,0x00000000ddb7cff0,0x00000000ddd80000)
  to   space 12288K, 0% used [0x00000000dc580000,0x00000000dc580000,0x00000000dd180000)
 ParOldGen       total 59904K, used 19069K [0x0000000081400000, 0x0000000084e80000, 0x00000000d5c00000)
  object space 59904K, 31% used [0x0000000081400000,0x000000008269f478,0x0000000084e80000)
 Metaspace       used 40932K, capacity 41646K, committed 41984K, reserved 1085440K
  class space    used 5562K, capacity 5802K, committed 5888K, reserved 1048576K
}

